<?xml version="1.0" encoding="UTF-8"?>
<testng-results skipped="0" failed="0" ignored="0" total="1" passed="1">
  <reporter-output>
  </reporter-output>
  <suite name="Default suite" duration-ms="1571" started-at="2019-11-14T16:50:06 IST" finished-at="2019-11-14T16:50:08 IST">
    <groups>
    </groups>
    <test name="Default test" duration-ms="1571" started-at="2019-11-14T16:50:06 IST" finished-at="2019-11-14T16:50:08 IST">
      <class name="Jira.InnovectFirstProject.CreateJiraIssue">
        <test-method status="PASS" signature="riseIssueInJira()[pri:0, instance:Jira.InnovectFirstProject.CreateJiraIssue@50b494a6]" name="riseIssueInJira" duration-ms="1540" started-at="2019-11-14T16:50:06 IST" finished-at="2019-11-14T16:50:08 IST">
          <reporter-output>
          </reporter-output>
        </test-method> <!-- riseIssueInJira -->
      </class> <!-- Jira.InnovectFirstProject.CreateJiraIssue -->
    </test> <!-- Default test -->
  </suite> <!-- Default suite -->
</testng-results>
